<?xml version="1.0" encoding="UTF-8"?>
<!-- Generated by org.testng.reporters.JUnitReportReporter -->
<testsuite skipped="0" hostname="DESKTOP-JIF4SUI" name="com.test.LoginTest" tests="1" failures="0" timestamp="18 Aug 2020 15:47:12 GMT" time="17.433" errors="0">
  <testcase name="loginTest" time="17.433" classname="com.test.LoginTest"/>
</testsuite> <!-- com.test.LoginTest -->
